<html>
<head>
<title>TestNG:  Go Rest regression Test</title>
<link href="../testng.css" rel="stylesheet" type="text/css" />
<link href="../my-testng.css" rel="stylesheet" type="text/css" />

<style type="text/css">
.log { display: none;} 
.stack-trace { display: none;} 
</style>
<script type="text/javascript">
<!--
function flip(e) {
  current = e.style.display;
  if (current == 'block') {
    e.style.display = 'none';
    return 0;
  }
  else {
    e.style.display = 'block';
    return 1;
  }
}

function toggleBox(szDivId, elem, msg1, msg2)
{
  var res = -1;  if (document.getElementById) {
    res = flip(document.getElementById(szDivId));
  }
  else if (document.all) {
    // this is the way old msie versions work
    res = flip(document.all[szDivId]);
  }
  if(elem) {
    if(res == 0) elem.innerHTML = msg1; else elem.innerHTML = msg2;
  }

}

function toggleAllBoxes() {
  if (document.getElementsByTagName) {
    d = document.getElementsByTagName('div');
    for (i = 0; i < d.length; i++) {
      if (d[i].className == 'log') {
        flip(d[i]);
      }
    }
  }
}

// -->
</script>

</head>
<body>
<h2 align='center'>Go Rest regression Test</h2><table border='1' align="center">
<tr>
<td>Tests passed/Failed/Skipped:</td><td>8/2/0</td>
</tr><tr>
<td>Started on:</td><td>Sat Nov 16 19:47:09 EST 2019</td>
</tr>
<tr><td>Total time:</td><td>13 seconds (13759 ms)</td>
</tr><tr>
<td>Included groups:</td><td></td>
</tr><tr>
<td>Excluded groups:</td><td></td>
</tr>
</table><p/>
<small><i>(Hover the method name to see the test class name)</i></small><p/>
<table width='100%' border='1' class='invocation-failed'>
<tr><td colspan='4' align='center'><b>FAILED TESTS</b></td></tr>
<tr><td><b>Test method</b></td>
<td width="30%"><b>Exception</b></td>
<td width="10%"><b>Time (seconds)</b></td>
<td><b>Instance</b></td>
</tr>
<tr>
<td title='com.qa.gorest.tests.DeleteUserAPITest.deleteUserTest()'><b>deleteUserTest</b><br>Test class: com.qa.gorest.tests.DeleteUserAPITest</td>
<td><div><pre>java.lang.AssertionError: expected [14] but found [22]
	at com.qa.gorest.tests.DeleteUserAPITest.deleteUserTest(DeleteUserAPITest.java:61)
	at java.util.concurrent.ThreadPoolExecutor.runWorker(ThreadPoolExecutor.java:1149)
	at java.util.concurrent.ThreadPoolExecutor$Worker.run(ThreadPoolExecutor.java:624)
	at java.lang.Thread.run(Thread.java:748)
... Removed 16 stack frames</pre></div><a href='#' onClick='toggleBox("stack-trace435972474", this, "Click to show all stack frames", "Click to hide stack frames")'>Click to show all stack frames</a>
<div class='stack-trace' id='stack-trace435972474'><pre>java.lang.AssertionError: expected [14] but found [22]
	at org.testng.Assert.fail(Assert.java:93)
	at org.testng.Assert.failNotEquals(Assert.java:512)
	at org.testng.Assert.assertEqualsImpl(Assert.java:134)
	at org.testng.Assert.assertEquals(Assert.java:115)
	at org.testng.Assert.assertEquals(Assert.java:388)
	at org.testng.Assert.assertEquals(Assert.java:398)
	at com.qa.gorest.tests.DeleteUserAPITest.deleteUserTest(DeleteUserAPITest.java:61)
	at sun.reflect.NativeMethodAccessorImpl.invoke0(Native Method)
	at sun.reflect.NativeMethodAccessorImpl.invoke(NativeMethodAccessorImpl.java:62)
	at sun.reflect.DelegatingMethodAccessorImpl.invoke(DelegatingMethodAccessorImpl.java:43)
	at java.lang.reflect.Method.invoke(Method.java:498)
	at org.testng.internal.MethodInvocationHelper.invokeMethod(MethodInvocationHelper.java:108)
	at org.testng.internal.Invoker.invokeMethod(Invoker.java:661)
	at org.testng.internal.Invoker.invokeTestMethod(Invoker.java:869)
	at org.testng.internal.Invoker.invokeTestMethods(Invoker.java:1193)
	at org.testng.internal.TestMethodWorker.invokeTestMethods(TestMethodWorker.java:126)
	at org.testng.internal.TestMethodWorker.run(TestMethodWorker.java:109)
	at java.util.concurrent.ThreadPoolExecutor.runWorker(ThreadPoolExecutor.java:1149)
	at java.util.concurrent.ThreadPoolExecutor$Worker.run(ThreadPoolExecutor.java:624)
	at java.lang.Thread.run(Thread.java:748)
</pre></div></td>
<td>10</td>
<td>com.qa.gorest.tests.DeleteUserAPITest@72889280</td></tr>
<tr>
<td title='com.qa.gorest.tests.GetUserAPITest.getUserListAPITest()'><b>getUserListAPITest</b><br>Test class: com.qa.gorest.tests.GetUserAPITest</td>
<td><div><pre>java.lang.AssertionError: expected [200] but found [404]
	at com.qa.gorest.tests.GetUserAPITest.getUserListAPITest(GetUserAPITest.java:33)
	at java.util.concurrent.ThreadPoolExecutor.runWorker(ThreadPoolExecutor.java:1149)
	at java.util.concurrent.ThreadPoolExecutor$Worker.run(ThreadPoolExecutor.java:624)
	at java.lang.Thread.run(Thread.java:748)
... Removed 16 stack frames</pre></div><a href='#' onClick='toggleBox("stack-trace26895716", this, "Click to show all stack frames", "Click to hide stack frames")'>Click to show all stack frames</a>
<div class='stack-trace' id='stack-trace26895716'><pre>java.lang.AssertionError: expected [200] but found [404]
	at org.testng.Assert.fail(Assert.java:93)
	at org.testng.Assert.failNotEquals(Assert.java:512)
	at org.testng.Assert.assertEqualsImpl(Assert.java:134)
	at org.testng.Assert.assertEquals(Assert.java:115)
	at org.testng.Assert.assertEquals(Assert.java:388)
	at org.testng.Assert.assertEquals(Assert.java:398)
	at com.qa.gorest.tests.GetUserAPITest.getUserListAPITest(GetUserAPITest.java:33)
	at sun.reflect.NativeMethodAccessorImpl.invoke0(Native Method)
	at sun.reflect.NativeMethodAccessorImpl.invoke(NativeMethodAccessorImpl.java:62)
	at sun.reflect.DelegatingMethodAccessorImpl.invoke(DelegatingMethodAccessorImpl.java:43)
	at java.lang.reflect.Method.invoke(Method.java:498)
	at org.testng.internal.MethodInvocationHelper.invokeMethod(MethodInvocationHelper.java:108)
	at org.testng.internal.Invoker.invokeMethod(Invoker.java:661)
	at org.testng.internal.Invoker.invokeTestMethod(Invoker.java:869)
	at org.testng.internal.Invoker.invokeTestMethods(Invoker.java:1193)
	at org.testng.internal.TestMethodWorker.invokeTestMethods(TestMethodWorker.java:126)
	at org.testng.internal.TestMethodWorker.run(TestMethodWorker.java:109)
	at java.util.concurrent.ThreadPoolExecutor.runWorker(ThreadPoolExecutor.java:1149)
	at java.util.concurrent.ThreadPoolExecutor$Worker.run(ThreadPoolExecutor.java:624)
	at java.lang.Thread.run(Thread.java:748)
</pre></div></td>
<td>8</td>
<td>com.qa.gorest.tests.GetUserAPITest@606fc505</td></tr>
</table><p>
<table width='100%' border='1' class='invocation-passed'>
<tr><td colspan='4' align='center'><b>PASSED TESTS</b></td></tr>
<tr><td><b>Test method</b></td>
<td width="30%"><b>Exception</b></td>
<td width="10%"><b>Time (seconds)</b></td>
<td><b>Instance</b></td>
</tr>
<tr>
<td title='com.qa.gorest.tests.CreateUserAPITest.createUserAPIPOSTTest()'><b>createUserAPIPOSTTest</b><br>Test class: com.qa.gorest.tests.CreateUserAPITest<br>Parameters: Irina, Z, female, 01-Jan-1975, irina1@gmail.com, +1-222-333-2323, http://www.google.com, test address, active</td>
<td></td>
<td>7</td>
<td>com.qa.gorest.tests.CreateUserAPITest@5b69d40d</td></tr>
<tr>
<td title='com.qa.gorest.tests.CreateUserAPITest.createUserAPIPOSTTest()'><b>createUserAPIPOSTTest</b><br>Test class: com.qa.gorest.tests.CreateUserAPITest<br>Parameters: Guli, A, female, 05-Jan-1990, elvira1@gmail.com, +1-222-333-2323, http://www.google.com, test address, active</td>
<td></td>
<td>7</td>
<td>com.qa.gorest.tests.CreateUserAPITest@5b69d40d</td></tr>
<tr>
<td title='com.qa.gorest.tests.CreateUserAPITest.createUserAPIPOSTTest()'><b>createUserAPIPOSTTest</b><br>Test class: com.qa.gorest.tests.CreateUserAPITest<br>Parameters: Varun, S, male, 02-Jan-1977, varun1@gmail.com, +1-222-333-2323, http://www.google.com, test address, active</td>
<td></td>
<td>7</td>
<td>com.qa.gorest.tests.CreateUserAPITest@5b69d40d</td></tr>
<tr>
<td title='com.qa.gorest.tests.CreateUserAPITest.createUserAPIPOSTTest()'><b>createUserAPIPOSTTest</b><br>Test class: com.qa.gorest.tests.CreateUserAPITest<br>Parameters: Elvira, A, female, 04-Jan-1979, elvira1@gmail.com, +1-222-333-2323, http://www.google.com, test address, active</td>
<td></td>
<td>7</td>
<td>com.qa.gorest.tests.CreateUserAPITest@5b69d40d</td></tr>
<tr>
<td title='com.qa.gorest.tests.CreateUserAPITest.createUserAPIPOSTTest()'><b>createUserAPIPOSTTest</b><br>Test class: com.qa.gorest.tests.CreateUserAPITest<br>Parameters: Sarang, H, male, 01-Jan-1976, sarang1@gmail.com, +1-222-333-2323, http://www.google.com, test address, active</td>
<td></td>
<td>7</td>
<td>com.qa.gorest.tests.CreateUserAPITest@5b69d40d</td></tr>
<tr>
<td title='com.qa.gorest.tests.CreateUserAPITest.createUserAPIPOSTTest()'><b>createUserAPIPOSTTest</b><br>Test class: com.qa.gorest.tests.CreateUserAPITest<br>Parameters: Naveen, K, male, 03-Jan-1965, naveen1@gmail.com, +1-222-333-2323, http://www.google.com, test address, active</td>
<td></td>
<td>7</td>
<td>com.qa.gorest.tests.CreateUserAPITest@5b69d40d</td></tr>
<tr>
<td title='com.qa.gorest.tests.UpdateUserAPITest.createUserAPIPUTTest_WithConstructor()'><b>createUserAPIPUTTest_WithConstructor</b><br>Test class: com.qa.gorest.tests.UpdateUserAPITest</td>
<td></td>
<td>2</td>
<td>com.qa.gorest.tests.UpdateUserAPITest@4aa3d36</td></tr>
<tr>
<td title='com.qa.gorest.tests.UpdateUserAPITest.createUserAPIPUTTest_WithSetter()'><b>createUserAPIPUTTest_WithSetter</b><br>Test class: com.qa.gorest.tests.UpdateUserAPITest</td>
<td></td>
<td>2</td>
<td>com.qa.gorest.tests.UpdateUserAPITest@4aa3d36</td></tr>
</table><p>
</body>
</html>