<?xml version="1.0" encoding="UTF-8"?>
<!-- Generated by org.testng.reporters.JUnitXMLReporter -->
<testsuite hostname="Bobs-MBP.fios-router.home" ignored="0" name="Go Rest regression Test" tests="10" failures="2" timestamp="17 Nov 2019 00:47:23 GMT" time="13.759" errors="0">
  <testcase name="createUserAPIPOSTTest" time="7.155" classname="com.qa.gorest.tests.CreateUserAPITest"/>
  <testcase name="createUserAPIPOSTTest" time="7.154" classname="com.qa.gorest.tests.CreateUserAPITest"/>
  <testcase name="createUserAPIPOSTTest" time="7.155" classname="com.qa.gorest.tests.CreateUserAPITest"/>
  <testcase name="createUserAPIPOSTTest" time="7.212" classname="com.qa.gorest.tests.CreateUserAPITest"/>
  <testcase name="createUserAPIPOSTTest" time="7.28" classname="com.qa.gorest.tests.CreateUserAPITest"/>
  <testcase name="createUserAPIPOSTTest" time="7.345" classname="com.qa.gorest.tests.CreateUserAPITest"/>
  <testcase name="getUserListAPITest" time="8.27" classname="com.qa.gorest.tests.GetUserAPITest">
    <failure type="java.lang.AssertionError" message="expected [200] but found [404]">
      <![CDATA[java.lang.AssertionError: expected [200] but found [404]
	at com.qa.gorest.tests.GetUserAPITest.getUserListAPITest(GetUserAPITest.java:33)
	at java.util.concurrent.ThreadPoolExecutor.runWorker(ThreadPoolExecutor.java:1149)
	at java.util.concurrent.ThreadPoolExecutor$Worker.run(ThreadPoolExecutor.java:624)
	at java.lang.Thread.run(Thread.java:748)
... Removed 16 stack frames]]>
    </failure>
  </testcase> <!-- getUserListAPITest -->
  <testcase name="deleteUserTest" time="10.029" classname="com.qa.gorest.tests.DeleteUserAPITest">
    <failure type="java.lang.AssertionError" message="expected [14] but found [22]">
      <![CDATA[java.lang.AssertionError: expected [14] but found [22]
	at com.qa.gorest.tests.DeleteUserAPITest.deleteUserTest(DeleteUserAPITest.java:61)
	at java.util.concurrent.ThreadPoolExecutor.runWorker(ThreadPoolExecutor.java:1149)
	at java.util.concurrent.ThreadPoolExecutor$Worker.run(ThreadPoolExecutor.java:624)
	at java.lang.Thread.run(Thread.java:748)
... Removed 16 stack frames]]>
    </failure>
  </testcase> <!-- deleteUserTest -->
  <testcase name="createUserAPIPUTTest_WithConstructor" time="2.633" classname="com.qa.gorest.tests.UpdateUserAPITest"/>
  <testcase name="createUserAPIPUTTest_WithSetter" time="2.948" classname="com.qa.gorest.tests.UpdateUserAPITest"/>
</testsuite> <!-- Go Rest regression Test -->
