{"name":"createUserAPIPUTTest_WithSetter","status":"broken","statusDetails":{"known":false,"muted":false,"flaky":false,"message":"Failed to parse the JSON document","trace":"io.restassured.path.json.exception.JsonPathException: Failed to parse the JSON document\n\tat io.restassured.path.json.JsonPath$ExceptionCatcher.invoke(JsonPath.java:1002)\n\tat io.restassured.path.json.JsonPath$4.doParseWith(JsonPath.java:967)\n\tat io.restassured.path.json.JsonPath$JsonParser.parseWith(JsonPath.java:1047)\n\tat io.restassured.path.json.JsonPath.get(JsonPath.java:202)\n\tat io.restassured.path.json.JsonPath.getString(JsonPath.java:352)\n\tat com.qa.gorest.tests.UpdateUserAPITest.createUserAPIPUTTest_WithSetter(UpdateUserAPITest.java:92)\n\tat sun.reflect.NativeMethodAccessorImpl.invoke0(Native Method)\n\tat sun.reflect.NativeMethodAccessorImpl.invoke(NativeMethodAccessorImpl.java:62)\n\tat sun.reflect.DelegatingMethodAccessorImpl.invoke(DelegatingMethodAccessorImpl.java:43)\n\tat java.lang.reflect.Method.invoke(Method.java:498)\n\tat org.testng.internal.MethodInvocationHelper.invokeMethod(MethodInvocationHelper.java:124)\n\tat org.testng.internal.Invoker.invokeMethod(Invoker.java:583)\n\tat org.testng.internal.Invoker.invokeTestMethod(Invoker.java:719)\n\tat org.testng.internal.Invoker.invokeTestMethods(Invoker.java:989)\n\tat org.testng.internal.TestMethodWorker.invokeTestMethods(TestMethodWorker.java:125)\n\tat org.testng.internal.TestMethodWorker.run(TestMethodWorker.java:109)\n\tat java.util.concurrent.ThreadPoolExecutor.runWorker(ThreadPoolExecutor.java:1149)\n\tat java.util.concurrent.ThreadPoolExecutor$Worker.run(ThreadPoolExecutor.java:624)\n\tat java.lang.Thread.run(Thread.java:748)\nCaused by: groovy.json.JsonException: Lexing failed on line: 1, column: 1, while reading '<', no possible valid JSON value or punctuation could be recognized.\n\tat groovy.json.JsonLexer.nextToken(JsonLexer.java:86)\n\tat groovy.json.JsonLexer$nextToken.call(Unknown Source)\n\tat io.restassured.internal.path.json.ConfigurableJsonSlurper.parse(ConfigurableJsonSlurper.groovy:97)\n\tat io.restassured.internal.path.json.ConfigurableJsonSlurper$parse.callCurrent(Unknown Source)\n\tat io.restassured.internal.path.json.ConfigurableJsonSlurper.parseText(ConfigurableJsonSlurper.groovy:83)\n\tat io.restassured.path.json.JsonPath$4$1.method(JsonPath.java:965)\n\tat io.restassured.path.json.JsonPath$ExceptionCatcher.invoke(JsonPath.java:1000)\n\t... 18 more\n"},"stage":"finished","description":"test case name: update user api with a new user with setter...","steps":[],"attachments":[{"name":"createUserAPIPUTTest_WithSetter failed and screenshot taken!","source":"6af7b647-0cb9-4c95-981d-66cd66e4d1d6-attachment","type":"text/plain"},{"name":"createUserAPIPUTTest_WithSetter failed and screenshot taken!","source":"0632f400-61c1-4db8-bfdf-5d15b273717e-attachment","type":"text/plain"}],"parameters":[],"start":1567134765636,"stop":1567134766698,"uuid":"ea9573d9-659b-46f0-947f-ca211572535b","historyId":"95323436bda45bb4ea51c745392764db","fullName":"com.qa.gorest.tests.UpdateUserAPITest.createUserAPIPUTTest_WithSetter","labels":[{"name":"package","value":"com.qa.gorest.tests.UpdateUserAPITest"},{"name":"testClass","value":"com.qa.gorest.tests.UpdateUserAPITest"},{"name":"testMethod","value":"createUserAPIPUTTest_WithSetter"},{"name":"parentSuite","value":"GO Rest Test Suite"},{"name":"suite","value":"Go Rest regression Test"},{"name":"subSuite","value":"com.qa.gorest.tests.UpdateUserAPITest"},{"name":"host","value":"Naveen-Mac.local"},{"name":"thread","value":"16669@Naveen-Mac.local.TestNG-test=Go Rest regression Test-1(13)"},{"name":"framework","value":"testng"},{"name":"language","value":"java"},{"name":"severity","value":"critical"}],"links":[]}